<?xml version="1.0" encoding="UTF-8"?>
<!-- Generated by org.testng.reporters.JUnitReportReporter -->
<testsuite skipped="0" hostname="DESKTOP-CUFGSE8" name="appium" tests="1" failures="0" timestamp="28 Aug 2019 12:26:10 GMT" time="23.217" errors="0">
  <testcase name="app" time="23.217" classname="appium"/>
</testsuite> <!-- appium -->
